<?xml version="1.0" encoding="UTF-8"?>
<!-- Generated by org.testng.reporters.JUnitXMLReporter -->
<testsuite hostname="gulbahars-MacBook-Pro.local" ignored="15" tests="0" failures="0" timestamp="2020-06-04T21:31:26 EDT" time="0.085" errors="0">
  <testcase name="methodOne" time="0.0" classname="com.hrms.testcases.AnnotationDemo">
    <ignored/>
  </testcase> <!-- methodOne -->
  <testcase name="DefiningReport" time="0.0" classname="com.hrms.testcases.ReportsDefinition">
    <ignored/>
  </testcase> <!-- DefiningReport -->
  <testcase name="@BeforeTest generateReport" time="0.0" classname="com.hrms.testbase.BaseClass">
    <ignored/>
  </testcase> <!-- @BeforeTest generateReport -->
  <testcase name="@BeforeTest generateReport" time="0.0" classname="com.hrms.testbase.BaseClass">
    <ignored/>
  </testcase> <!-- @BeforeTest generateReport -->
  <testcase name="@BeforeTest generateReport" time="0.0" classname="com.hrms.testbase.BaseClass">
    <ignored/>
  </testcase> <!-- @BeforeTest generateReport -->
  <testcase name="addEmployee" time="0.0" classname="com.hrms.testcases.AddEmployeeTest">
    <ignored/>
  </testcase> <!-- addEmployee -->
  <testcase name="DefiningReport" time="0.0" classname="com.hrms.testcases.HRMSB6_2">
    <ignored/>
  </testcase> <!-- DefiningReport -->
  <testcase name="methodThree" time="0.0" classname="com.hrms.testcases.AnnotationDemo">
    <ignored/>
  </testcase> <!-- methodThree -->
  <testcase name="addEmp" time="0.0" classname="com.hrms.testcases.DataProDemo">
    <ignored/>
  </testcase> <!-- addEmp -->
  <testcase name="methodTwo" time="0.0" classname="com.hrms.testcases.AnnotationDemo">
    <ignored/>
  </testcase> <!-- methodTwo -->
  <testcase name="timeStamp" time="0.0" classname="com.hrms.testcases.LoginTest">
    <ignored/>
  </testcase> <!-- timeStamp -->
  <testcase name="@AfterTest writeReport" time="0.0" classname="com.hrms.testbase.BaseClass">
    <ignored/>
  </testcase> <!-- @AfterTest writeReport -->
  <testcase name="@AfterTest writeReport" time="0.0" classname="com.hrms.testbase.BaseClass">
    <ignored/>
  </testcase> <!-- @AfterTest writeReport -->
  <testcase name="@AfterTest writeReport" time="0.0" classname="com.hrms.testbase.BaseClass">
    <ignored/>
  </testcase> <!-- @AfterTest writeReport -->
  <testcase name="methodOne" time="0.0" classname="com.hrms.testcases.AssertionDemo">
    <ignored/>
  </testcase> <!-- methodOne -->
</testsuite>
